###############################################################################
#
# IAR ANSI C/C++ Compiler V7.70.1.11437/W32 for ARM       22/Mar/2018  01:39:05
# Copyright 1999-2016 IAR Systems AB.
#
#    Cpu mode     =  thumb
#    Endian       =  little
#    Source file  =  
#        C:\Users\Anthony\Google
#        Drive\Hobbies\IAR\Razor_Atmel\firmware_dotmatrix\application\main.c
#    Command line =  
#        "C:\Users\Anthony\Google
#        Drive\Hobbies\IAR\Razor_Atmel\firmware_dotmatrix\application\main.c"
#        -D MPGL2 -D MPG2 --preprocess=cl "C:\Users\Anthony\Google
#        Drive\Hobbies\IAR\Razor_Atmel\firmware_dotmatrix\iar_7_20_1\Debug\List"
#        -lC "C:\Users\Anthony\Google
#        Drive\Hobbies\IAR\Razor_Atmel\firmware_dotmatrix\iar_7_20_1\Debug\List"
#        -o "C:\Users\Anthony\Google
#        Drive\Hobbies\IAR\Razor_Atmel\firmware_dotmatrix\iar_7_20_1\Debug\Obj"
#        --no_cse --no_unroll --no_inline --no_code_motion --no_tbaa
#        --no_clustering --no_scheduling --debug --endian=little
#        --cpu=Cortex-M3 -e --fpu=None --dlib_config "E:\Software\IAR
#        Systems\Embedded Workbench 7.5\arm\INC\c\DLib_Config_Normal.h" -I
#        "C:\Users\Anthony\Google
#        Drive\Hobbies\IAR\Razor_Atmel\firmware_dotmatrix\iar_7_20_1\" -I
#        "C:\Users\Anthony\Google
#        Drive\Hobbies\IAR\Razor_Atmel\firmware_dotmatrix\iar_7_20_1\..\bsp\"
#        -I "C:\Users\Anthony\Google
#        Drive\Hobbies\IAR\Razor_Atmel\firmware_dotmatrix\iar_7_20_1\..\drivers\"
#        -I "C:\Users\Anthony\Google
#        Drive\Hobbies\IAR\Razor_Atmel\firmware_dotmatrix\iar_7_20_1\..\application\"
#        -I "C:\Users\Anthony\Google
#        Drive\Hobbies\IAR\Razor_Atmel\firmware_dotmatrix\iar_7_20_1\..\libraries\captouch\"
#        -I "C:\Users\Anthony\Google
#        Drive\Hobbies\IAR\Razor_Atmel\firmware_dotmatrix\iar_7_20_1\..\..\firmware_common\"
#        -I "C:\Users\Anthony\Google
#        Drive\Hobbies\IAR\Razor_Atmel\firmware_dotmatrix\iar_7_20_1\..\..\firmware_common\application\"
#        -I "C:\Users\Anthony\Google
#        Drive\Hobbies\IAR\Razor_Atmel\firmware_dotmatrix\iar_7_20_1\..\..\firmware_common\cmsis\"
#        -I "C:\Users\Anthony\Google
#        Drive\Hobbies\IAR\Razor_Atmel\firmware_dotmatrix\iar_7_20_1\..\..\firmware_common\drivers\"
#        -I "C:\Users\Anthony\Google
#        Drive\Hobbies\IAR\Razor_Atmel\firmware_dotmatrix\iar_7_20_1\..\..\firmware_common\tetris\"
#        -On --use_c++_inline --require_prototypes -I "E:\Software\IAR
#        Systems\Embedded Workbench 7.5\arm\CMSIS\Include\"
#    Locale       =  English_Canada.1252
#    List file    =  
#        C:\Users\Anthony\Google
#        Drive\Hobbies\IAR\Razor_Atmel\firmware_dotmatrix\iar_7_20_1\Debug\List\main.lst
#    Object file  =  
#        C:\Users\Anthony\Google
#        Drive\Hobbies\IAR\Razor_Atmel\firmware_dotmatrix\iar_7_20_1\Debug\Obj\main.o
#
###############################################################################

C:\Users\Anthony\Google Drive\Hobbies\IAR\Razor_Atmel\firmware_dotmatrix\application\main.c
      1          /***********************************************************************************************************************
      2          File: main.c                                                                
      3          
      4          Description:
      5          Container for the MPG firmware.  
      6          ***********************************************************************************************************************/
      7          
      8          #include "configuration.h"
      9          #include "GameLogic.h"

  #define DEBUG_MODE 0
          ^
"C:\Users\Anthony\Google Drive\Hobbies\IAR\Razor_Atmel\firmware_common\tetris\Defs.h",27  Warning[Pe047]: 
          incompatible redefinition of macro "DEBUG_MODE" (declared at line 27)
     10          #include "Tetromino.h"
     11          #include "Grid.h"
     12          #include "Timers.h"
     13          #include "GUI.h"
     14          #include "InputController.h"
     15          #include "GameController.h"
     16          /***********************************************************************************************************************
     17          Global variable definitions with scope across entire project.
     18          All Global variable names shall start with "G_"
     19          ***********************************************************************************************************************/
     20          /* New variables */

   \                                 In section .bss, align 4
     21          volatile u32 G_u32SystemFlags = 0;                     /* Global system flags */
   \                     G_u32SystemFlags:
   \   00000000                      DS8 4

   \                                 In section .bss, align 4
     22          volatile u32 G_u32ApplicationFlags = 0;                /* Global applications flags: set when application is successfully initialized. Bit defs in configuration.h */
   \                     G_u32ApplicationFlags:
   \   00000000                      DS8 4
     23          
     24          
     25          /*--------------------------------------------------------------------------------------------------------------------*/
     26          /* External global variables defined in other files (must indicate which file they are defined in) */
     27          extern volatile u32 G_u32SystemTime1ms;                /* From board-specific source file */
     28          extern volatile u32 G_u32SystemTime1s;                 /* From board-specific source file */
     29          
     30          
     31          /***********************************************************************************************************************
     32          Global variable definitions with scope limited to this local application.
     33          Variable names shall start with "Main_" and be declared as static.
     34          ***********************************************************************************************************************/
     35          
     36          
     37          /***********************************************************************************************************************
     38          Main Program
     39          Main has two sections:
     40          
     41          1. Initialization which is run once on power-up or reset.  All drivers and applications are setup here without timing
     42          contraints but must complete execution regardless of success or failure of starting the application. 
     43          
     44          2. Super loop which runs infinitely giving processor time to each application.  The total loop time should not exceed
     45          1ms of execution time counting all application execution.  SystemSleep() will execute to complete the remaining time in
     46          the 1ms period.
     47          ***********************************************************************************************************************/
     48          
     49          

   \                                 In section .text, align 4, keep-with-next
     50          void main(void)
     51          {
   \                     main: (+1)
   \   00000000   0xB580             PUSH     {R7,LR}
     52            G_u32SystemFlags |= _SYSTEM_INITIALIZING;
   \   00000002   0x4831             LDR.N    R0,??main_0
   \   00000004   0x6800             LDR      R0,[R0, #+0]
   \   00000006   0xF050 0x4000      ORRS     R0,R0,#0x80000000
   \   0000000A   0x492F             LDR.N    R1,??main_0
   \   0000000C   0x6008             STR      R0,[R1, #+0]
     53          
     54            /* Low level initialization */
     55            WatchDogSetup(); /* During development, set to not reset processor if timeout */
   \   0000000E   0x.... 0x....      BL       WatchDogSetup
     56            ClockSetup();
   \   00000012   0x.... 0x....      BL       ClockSetup
     57            GpioSetup();
   \   00000016   0x.... 0x....      BL       GpioSetup
     58            InterruptSetup();
   \   0000001A   0x.... 0x....      BL       InterruptSetup
     59            SysTickSetup();
   \   0000001E   0x.... 0x....      BL       SysTickSetup
     60          
     61            /* Driver initialization */
     62            MessagingInitialize();
   \   00000022   0x.... 0x....      BL       MessagingInitialize
     63            UartInitialize();
   \   00000026   0x.... 0x....      BL       UartInitialize
     64            DebugInitialize();
   \   0000002A   0x.... 0x....      BL       DebugInitialize
     65          
     66            /* Debug messages through DebugPrintf() are available from here */
     67            SspInitialize();
   \   0000002E   0x.... 0x....      BL       SspInitialize
     68            TWIInitialize();
   \   00000032   0x.... 0x....      BL       TWIInitialize
     69            
     70            LcdInitialize();
   \   00000036   0x.... 0x....      BL       LcdInitialize
     71            LedInitialize();
   \   0000003A   0x.... 0x....      BL       LedInitialize
     72            ButtonInitialize();
   \   0000003E   0x.... 0x....      BL       ButtonInitialize
     73             
     74            CapTouchInitialize();
   \   00000042   0x.... 0x....      BL       CapTouchInitialize
     75            AntInitialize();
   \   00000046   0x.... 0x....      BL       AntInitialize
     76            PWMSetupAudio();
   \   0000004A   0x.... 0x....      BL       PWMSetupAudio
     77          
     78            GameControllerInitialize();
   \   0000004E   0x.... 0x....      BL       GameControllerInitialize
     79          
     80            /* Application initialization */
     81            UserApp1Initialize();
   \   00000052   0x.... 0x....      BL       UserApp1Initialize
     82            UserApp2Initialize();
   \   00000056   0x.... 0x....      BL       UserApp2Initialize
     83            UserApp3Initialize();
   \   0000005A   0x.... 0x....      BL       UserApp3Initialize
     84            
     85            /* Exit initialization */
     86            SystemStatusReport();
   \   0000005E   0x.... 0x....      BL       SystemStatusReport
     87            G_u32SystemFlags &= ~_SYSTEM_INITIALIZING;
   \   00000062   0x4819             LDR.N    R0,??main_0
   \   00000064   0x6800             LDR      R0,[R0, #+0]
   \   00000066   0xF020 0x4000      BIC      R0,R0,#0x80000000
   \   0000006A   0x4917             LDR.N    R1,??main_0
   \   0000006C   0x6008             STR      R0,[R1, #+0]
     88             
     89            /* Super loop */  
     90            while(1)
     91            {
     92              WATCHDOG_BONE();
   \                     ??main_1: (+1)
   \   0000006E   0x4817             LDR.N    R0,??main_0+0x4  ;; 0xa5000001
   \   00000070   0x4917             LDR.N    R1,??main_0+0x8  ;; 0x400e1250
   \   00000072   0x6008             STR      R0,[R1, #+0]
     93          
     94              /* Drivers */
     95              LedUpdate();
   \   00000074   0x.... 0x....      BL       LedUpdate
     96              ButtonRunActiveState();
   \   00000078   0x.... 0x....      BL       ButtonRunActiveState
     97              UartRunActiveState();
   \   0000007C   0x.... 0x....      BL       UartRunActiveState
     98              SspRunActiveState();
   \   00000080   0x.... 0x....      BL       SspRunActiveState
     99              TWIRunActiveState();
   \   00000084   0x.... 0x....      BL       TWIRunActiveState
    100              CapTouchRunActiveState(); /* This function violates 1ms loop timing every 25ms */ 
   \   00000088   0x.... 0x....      BL       CapTouchRunActiveState
    101              MessagingRunActiveState();
   \   0000008C   0x.... 0x....      BL       MessagingRunActiveState
    102              DebugRunActiveState();
   \   00000090   0x.... 0x....      BL       DebugRunActiveState
    103              LcdRunActiveState();
   \   00000094   0x.... 0x....      BL       LcdRunActiveState
    104              AntRunActiveState();
   \   00000098   0x.... 0x....      BL       AntRunActiveState
    105              SM_RunTimers();
   \   0000009C   0x.... 0x....      BL       SM_RunTimers
    106              GameController_RunActiveState();
   \   000000A0   0x.... 0x....      BL       GameController_RunActiveState
    107              /* Applications */
    108              
    109              UserApp1RunActiveState();
   \   000000A4   0x.... 0x....      BL       UserApp1RunActiveState
    110              UserApp2RunActiveState();
   \   000000A8   0x.... 0x....      BL       UserApp2RunActiveState
    111              UserApp3RunActiveState();
   \   000000AC   0x.... 0x....      BL       UserApp3RunActiveState
    112          
    113              /* System sleep*/
    114              HEARTBEAT_OFF();
   \   000000B0   0xF05F 0x4000      MOVS     R0,#-2147483648
   \   000000B4   0x4907             LDR.N    R1,??main_0+0xC  ;; 0x400e0c30
   \   000000B6   0x6008             STR      R0,[R1, #+0]
    115              SystemSleep();
   \   000000B8   0x.... 0x....      BL       SystemSleep
    116              HEARTBEAT_ON();
   \   000000BC   0xF05F 0x4000      MOVS     R0,#-2147483648
   \   000000C0   0x4905             LDR.N    R1,??main_0+0x10  ;; 0x400e0c34
   \   000000C2   0x6008             STR      R0,[R1, #+0]
   \   000000C4   0xE7D3             B.N      ??main_1
   \   000000C6   0xBF00             Nop      
   \                     ??main_0:
   \   000000C8   0x........         DC32     G_u32SystemFlags
   \   000000CC   0xA5000001         DC32     0xa5000001
   \   000000D0   0x400E1250         DC32     0x400e1250
   \   000000D4   0x400E0C30         DC32     0x400e0c30
   \   000000D8   0x400E0C34         DC32     0x400e0c34
    117              
    118            } /* end while(1) main super loop */
    119            
    120          } /* end main() */
    121          
    122          
    123          /*--------------------------------------------------------------------------------------------------------------------*/
    124          /* End of File */
    125          /*--------------------------------------------------------------------------------------------------------------------*/

   Maximum stack usage in bytes:

   .cstack Function
   ------- --------
       8   main
         8   -> AntInitialize
         8   -> AntRunActiveState
         8   -> ButtonInitialize
         8   -> ButtonRunActiveState
         8   -> CapTouchInitialize
         8   -> CapTouchRunActiveState
         8   -> ClockSetup
         8   -> DebugInitialize
         8   -> DebugRunActiveState
         8   -> GameControllerInitialize
         8   -> GameController_RunActiveState
         8   -> GpioSetup
         8   -> InterruptSetup
         8   -> LcdInitialize
         8   -> LcdRunActiveState
         8   -> LedInitialize
         8   -> LedUpdate
         8   -> MessagingInitialize
         8   -> MessagingRunActiveState
         8   -> PWMSetupAudio
         8   -> SM_RunTimers
         8   -> SspInitialize
         8   -> SspRunActiveState
         8   -> SysTickSetup
         8   -> SystemSleep
         8   -> SystemStatusReport
         8   -> TWIInitialize
         8   -> TWIRunActiveState
         8   -> UartInitialize
         8   -> UartRunActiveState
         8   -> UserApp1Initialize
         8   -> UserApp1RunActiveState
         8   -> UserApp2Initialize
         8   -> UserApp2RunActiveState
         8   -> UserApp3Initialize
         8   -> UserApp3RunActiveState
         8   -> WatchDogSetup


   Section sizes:

   Bytes  Function/Label
   -----  --------------
       4  G_u32ApplicationFlags
       4  G_u32SystemFlags
     220  main

 
   8 bytes in section .bss
 220 bytes in section .text
 
 220 bytes of CODE memory
   8 bytes of DATA memory

Errors: none
Warnings: 1
